<?xml version="1.0" encoding="UTF-8"?>
<!-- Generated by org.testng.reporters.JUnitReportReporter -->
<testsuite hostname="zMachine" failures="0" tests="2" name="com.CRM.TestCases.HomePageTest" time="29.107" errors="0" timestamp="2020-11-19T17:45:37 AEDT" skipped="0">
  <testcase classname="com.CRM.TestCases.HomePageTest" name="VerifyHomePageTitle" time="14.536"/>
  <system-out/>
  <testcase classname="com.CRM.TestCases.HomePageTest" name="VerifyHomePageLabel" time="14.571"/>
  <system-out/>
</testsuite> <!-- com.CRM.TestCases.HomePageTest -->
