<?xml version="1.0" encoding="UTF-8"?>
<!-- Generated by org.testng.reporters.JUnitReportReporter -->
<testsuite hostname="zMachine" failures="0" tests="3" name="com.CRM.TestCases.LoginTest" time="42.939" errors="0" timestamp="2020-11-20T15:18:39 AEDT" skipped="0">
  <testcase classname="com.CRM.TestCases.LoginTest" name="VerifyLoginTitle" time="13.978"/>
  <system-out/>
  <testcase classname="com.CRM.TestCases.LoginTest" name="VerifyLoginLogo" time="11.374"/>
  <system-out/>
  <testcase classname="com.CRM.TestCases.LoginTest" name="LoginTestMethod" time="17.587"/>
  <system-out/>
</testsuite> <!-- com.CRM.TestCases.LoginTest -->
