<?xml version="1.0" encoding="UTF-8"?>
<!-- Generated by org.testng.reporters.JUnitReportReporter -->
<testsuite hostname="zMachine" failures="0" tests="3" name="com.CRM.TestCases.LoginPageTest" time="33.531" errors="0" timestamp="2020-10-29T16:43:07 AEDT" skipped="0">
  <testcase classname="com.CRM.TestCases.LoginPageTest" name="LoginPageTitleTest" time="9.276"/>
  <system-out/>
  <testcase classname="com.CRM.TestCases.LoginPageTest" name="CRMLogoTest" time="9.858"/>
  <system-out/>
  <testcase classname="com.CRM.TestCases.LoginPageTest" name="logintest" time="14.397"/>
  <system-out/>
</testsuite> <!-- com.CRM.TestCases.LoginPageTest -->
