<?xml version="1.0" encoding="UTF-8"?>
<!-- Generated by org.testng.reporters.JUnitReportReporter -->
<testsuite hostname="zMachine" failures="0" tests="3" name="com.CRM.TestCases.LoginTest" time="32.313" errors="0" timestamp="2020-11-11T10:44:16 AEDT" skipped="0">
  <testcase classname="com.CRM.TestCases.LoginTest" name="VerifyLoginTitle" time="9.704"/>
  <system-out/>
  <testcase classname="com.CRM.TestCases.LoginTest" name="VerifyLoginLogo" time="8.935"/>
  <system-out/>
  <testcase classname="com.CRM.TestCases.LoginTest" name="LoginTestMethod" time="13.674"/>
  <system-out/>
</testsuite> <!-- com.CRM.TestCases.LoginTest -->
