<?xml version="1.0" encoding="UTF-8"?>
<!-- Generated by org.testng.reporters.JUnitReportReporter -->
<testsuite hostname="zMachine" failures="0" tests="2" name="com.CRM.TestCases.ContactPageTest" time="16.426" errors="0" timestamp="2020-11-04T17:58:08 AEDT" skipped="1">
  <testcase classname="com.CRM.TestCases.ContactPageTest" name="SelectContactTest" time="16.426"/>
  <system-out/>
  <testcase classname="com.CRM.TestCases.ContactPageTest" name="VerifyContactLabel">
    <skipped/>
  </testcase> <!-- VerifyContactLabel -->
  <system-out/>
</testsuite> <!-- com.CRM.TestCases.ContactPageTest -->
