<?xml version="1.0" encoding="UTF-8"?>
<!-- Generated by org.testng.reporters.JUnitReportReporter -->
<testsuite hostname="zMachine" failures="0" tests="5" name="com.CRM.TestCases.TasksPageTest" time="69.729" errors="0" timestamp="2020-11-19T17:45:37 AEDT" skipped="1">
  <testcase classname="com.CRM.TestCases.TasksPageTest" name="ValidateNewTasksDDT" time="17.673"/>
  <system-out/>
  <testcase classname="com.CRM.TestCases.TasksPageTest" name="ValidateNewTasksDDT" time="17.132"/>
  <system-out/>
  <testcase classname="com.CRM.TestCases.TasksPageTest" name="ValidateNewTasksDDT" time="17.408"/>
  <system-out/>
  <testcase classname="com.CRM.TestCases.TasksPageTest" name="ValidateNewTasksDDT" time="17.516"/>
  <system-out/>
  <testcase classname="com.CRM.TestCases.TasksPageTest" name="ValidateNewTask">
    <skipped/>
  </testcase> <!-- ValidateNewTask -->
  <system-out/>
</testsuite> <!-- com.CRM.TestCases.TasksPageTest -->
