<?xml version="1.0" encoding="UTF-8"?>
<!-- Generated by org.testng.reporters.JUnitReportReporter -->
<testsuite hostname="zMachine" failures="0" tests="2" name="com.CRM.TestCases.HomePageTest" time="29.268" errors="0" timestamp="2020-11-11T10:44:16 AEDT" skipped="0">
  <testcase classname="com.CRM.TestCases.HomePageTest" name="VerifyHomePageTitle" time="13.751"/>
  <system-out/>
  <testcase classname="com.CRM.TestCases.HomePageTest" name="VerifyHomePageLabel" time="15.517"/>
  <system-out/>
</testsuite> <!-- com.CRM.TestCases.HomePageTest -->
