<?xml version="1.0" encoding="UTF-8"?>
<!-- Generated by org.testng.reporters.JUnitReportReporter -->
<testsuite hostname="zMachine" failures="0" tests="3" name="com.CRM.TestCases.LoginTest" time="33.512" errors="0" timestamp="2020-11-19T17:45:37 AEDT" skipped="0">
  <testcase classname="com.CRM.TestCases.LoginTest" name="VerifyLoginTitle" time="9.206"/>
  <system-out/>
  <testcase classname="com.CRM.TestCases.LoginTest" name="VerifyLoginLogo" time="10.299"/>
  <system-out/>
  <testcase classname="com.CRM.TestCases.LoginTest" name="LoginTestMethod" time="14.007"/>
  <system-out/>
</testsuite> <!-- com.CRM.TestCases.LoginTest -->
