<?xml version="1.0" encoding="UTF-8"?>
<!-- Generated by org.testng.reporters.JUnitReportReporter -->
<testsuite hostname="zMachine" failures="0" tests="3" name="com.CRM.TestCases.LoginTest" time="33.514" errors="0" timestamp="2020-11-11T12:02:49 AEDT" skipped="0">
  <testcase classname="com.CRM.TestCases.LoginTest" name="VerifyLoginTitle" time="9.950"/>
  <system-out/>
  <testcase classname="com.CRM.TestCases.LoginTest" name="VerifyLoginLogo" time="9.179"/>
  <system-out/>
  <testcase classname="com.CRM.TestCases.LoginTest" name="LoginTestMethod" time="14.385"/>
  <system-out/>
</testsuite> <!-- com.CRM.TestCases.LoginTest -->
