<?xml version="1.0" encoding="UTF-8"?>
<!-- Generated by org.testng.reporters.JUnitReportReporter -->
<testsuite hostname="zMachine" failures="0" tests="4" name="com.CRM.TestCases.ContactsPageTest" time="22.526" errors="0" timestamp="2020-11-11T12:02:49 AEDT" skipped="3">
  <testcase classname="com.CRM.TestCases.ContactsPageTest" name="SelectContactsTest" time="22.526"/>
  <system-out/>
  <testcase classname="com.CRM.TestCases.ContactsPageTest" name="VerifyContactsLabelTest">
    <skipped/>
  </testcase> <!-- VerifyContactsLabelTest -->
  <system-out/>
  <testcase classname="com.CRM.TestCases.ContactsPageTest" name="ValidateNewContact">
    <skipped/>
  </testcase> <!-- ValidateNewContact -->
  <system-out/>
  <testcase classname="com.CRM.TestCases.ContactsPageTest" name="ValidateNewContactDDT">
    <skipped/>
  </testcase> <!-- ValidateNewContactDDT -->
  <system-out/>
</testsuite> <!-- com.CRM.TestCases.ContactsPageTest -->
